<?xml version="1.0" encoding="UTF-8"?>
<!-- Generated by org.testng.reporters.JUnitReportReporter -->
<testsuite hostname="Kesavan" failures="0" tests="5" name="tng.Groupingtng" time="0.008" errors="0" timestamp="2021-12-09T01:35:50 IST" skipped="0">
  <testcase classname="tng.Groupingtng" name="testcase4" time="0.001"/>
  <system-out/>
  <testcase classname="tng.Groupingtng" name="testcase2" time="0.002"/>
  <system-out/>
  <testcase classname="tng.Groupingtng" name="testcase2" time="0.002"/>
  <system-out/>
  <testcase classname="tng.Groupingtng" name="testcase1" time="0.002"/>
  <system-out/>
  <testcase classname="tng.Groupingtng" name="testcase3" time="0.001"/>
  <system-out/>
</testsuite> <!-- tng.Groupingtng -->
