<?xml version="1.0" encoding="UTF-8"?>
<!-- Generated by org.testng.reporters.JUnitReportReporter -->
<testsuite hostname="Kesavan" failures="0" tests="1" name="tng.Parameterstng" time="0.001" errors="0" timestamp="2021-12-09T01:35:50 IST" skipped="0">
  <testcase classname="tng.Parameterstng" name="parameterTest" time="0.001"/>
  <system-out/>
</testsuite> <!-- tng.Parameterstng -->
