<?xml version="1.0" encoding="UTF-8"?>
<!-- Generated by org.testng.reporters.JUnitReportReporter -->
<testsuite hostname="Kesavan" failures="0" tests="2" name="tng.Annotationstng" time="0.024" errors="0" timestamp="2021-12-09T01:35:50 IST" skipped="0">
  <testcase classname="tng.Annotationstng" name="testCase1" time="0.016"/>
  <system-out/>
  <testcase classname="tng.Annotationstng" name="testCase2" time="0.008"/>
  <system-out/>
</testsuite> <!-- tng.Annotationstng -->
