<?xml version="1.0" encoding="UTF-8"?>
<!-- Generated by org.testng.reporters.JUnitReportReporter -->
<testsuite hostname="Kesavan" failures="0" tests="1" name="tng.ParallelExecution2" time="0.012" errors="0" timestamp="2021-12-09T01:16:55 IST" skipped="0">
  <testcase classname="tng.ParallelExecution2" name="ParallelMethod" time="0.012"/>
  <system-out/>
</testsuite> <!-- tng.ParallelExecution2 -->
