<?xml version="1.0" encoding="UTF-8"?>
<!-- Generated by org.testng.reporters.JUnitReportReporter -->
<testsuite hostname="Kesavan" failures="0" tests="2" name="tng.Dataproviderstng" time="0.003" errors="0" timestamp="2021-12-09T01:35:50 IST" skipped="0">
  <testcase classname="tng.Dataproviderstng" name="testMethod" time="0.001"/>
  <system-out/>
  <testcase classname="tng.Dataproviderstng" name="testMethod" time="0.002"/>
  <system-out/>
</testsuite> <!-- tng.Dataproviderstng -->
